1726:C 20 Jun 14:21:47.910 # Warning: no config file specified, using the default config. In order to specify a config file use redis-server /path/to/redis.conf
1726:M 20 Jun 14:21:47.946 * Increased maximum number of open files to 10032 (it was originally set to 4864).
                _._                                                  
           _.-``__ ''-._                                             
      _.-``    `.  `_.  ''-._           Redis 3.0.7 (00000000/0) 64 bit
  .-`` .-```.  ```\/    _.,_ ''-._                                   
 (    '      ,       .-`  | `,    )     Running in standalone mode
 |`-._`-...-` __...-.``-._|'` _.-'|     Port: 6379
 |    `-._   `._    /     _.-'    |     PID: 1726
  `-._    `-._  `-./  _.-'    _.-'                                   
 |`-._`-._    `-.__.-'    _.-'_.-'|                                  
 |    `-._`-._        _.-'_.-'    |           http://redis.io        
  `-._    `-._`-.__.-'_.-'    _.-'                                   
 |`-._`-._    `-.__.-'    _.-'_.-'|                                  
 |    `-._`-._        _.-'_.-'    |                                  
  `-._    `-._`-.__.-'_.-'    _.-'                                   
      `-._    `-.__.-'    _.-'                                       
          `-._        _.-'                                           
              `-.__.-'                                               

1726:M 20 Jun 14:21:48.008 # Server started, Redis version 3.0.7
1726:M 20 Jun 14:21:48.030 * The server is now ready to accept connections on port 6379
1726:M 20 Jun 15:35:31.194 * 1 changes in 3600 seconds. Saving...
1726:M 20 Jun 15:35:31.205 * Background saving started by pid 18079
18079:C 20 Jun 15:35:31.227 * DB saved on disk
1726:M 20 Jun 15:35:31.310 * Background saving terminated with success
1726:M 20 Jun 15:45:31.093 * 100 changes in 300 seconds. Saving...
1726:M 20 Jun 15:45:31.130 * Background saving started by pid 19621
19621:C 20 Jun 15:45:31.140 * DB saved on disk
1726:M 20 Jun 15:45:31.233 * Background saving terminated with success
1726:M 20 Jun 15:55:31.190 * 100 changes in 300 seconds. Saving...
1726:M 20 Jun 15:55:31.232 * Background saving started by pid 21161
21161:C 20 Jun 15:55:31.248 * DB saved on disk
1726:M 20 Jun 15:55:31.335 * Background saving terminated with success
1726:M 20 Jun 16:06:00.064 * 100 changes in 300 seconds. Saving...
1726:M 20 Jun 16:06:00.559 * Background saving started by pid 22752
22752:C 20 Jun 16:06:00.575 * DB saved on disk
1726:M 20 Jun 16:06:00.660 * Background saving terminated with success
1726:M 20 Jun 16:21:02.191 * 100 changes in 300 seconds. Saving...
1726:M 20 Jun 16:21:02.234 * Background saving started by pid 24121
24121:C 20 Jun 16:21:02.267 * DB saved on disk
1726:M 20 Jun 16:21:02.334 * Background saving terminated with success
1726:M 20 Jun 16:31:01.520 * 100 changes in 300 seconds. Saving...
1726:M 20 Jun 16:31:01.558 * Background saving started by pid 25654
25654:C 20 Jun 16:31:01.574 * DB saved on disk
1726:M 20 Jun 16:31:01.662 * Background saving terminated with success
1726:M 20 Jun 16:41:01.272 * 100 changes in 300 seconds. Saving...
1726:M 20 Jun 16:41:01.282 * Background saving started by pid 27239
27239:C 20 Jun 16:41:01.299 * DB saved on disk
1726:M 20 Jun 16:41:01.386 * Background saving terminated with success
1726:M 20 Jun 16:51:01.285 * 100 changes in 300 seconds. Saving...
1726:M 20 Jun 16:51:01.340 * Background saving started by pid 28785
28785:C 20 Jun 16:51:01.356 * DB saved on disk
1726:M 20 Jun 16:51:01.445 * Background saving terminated with success
1726:M 20 Jun 18:56:47.011 * 1 changes in 3600 seconds. Saving...
1726:M 20 Jun 18:56:50.623 * Background saving started by pid 29695
29695:C 20 Jun 18:56:50.808 * DB saved on disk
1726:M 20 Jun 18:56:50.838 * Background saving terminated with success
1726:M 20 Jun 20:57:36.006 * 1 changes in 3600 seconds. Saving...
1726:M 20 Jun 20:57:36.010 * Background saving started by pid 29823
29823:C 20 Jun 20:57:39.633 * DB saved on disk
1726:M 20 Jun 20:57:39.703 * Background saving terminated with success
1726:M 22 Jun 09:07:24.009 * 1 changes in 3600 seconds. Saving...
1726:M 22 Jun 09:07:27.629 * Background saving started by pid 30034
30034:C 22 Jun 09:07:30.282 * DB saved on disk
1726:M 22 Jun 09:07:30.429 * Background saving terminated with success
1726:signal-handler (1466559928) Received SIGTERM scheduling shutdown...
1726:M 22 Jun 09:45:28.541 # User requested shutdown...
1726:M 22 Jun 09:45:28.541 * Saving the final RDB snapshot before exiting.
1726:M 22 Jun 09:45:28.561 * DB saved on disk
1726:M 22 Jun 09:45:28.561 # Redis is now ready to exit, bye bye...
